20221118-13:24:31 INFO>> 命令行参数: Namespace(device='0,1', mode='pred', nntype='AED')
20221118-13:24:33 ERROR>> 主程序报错
Invalid device id

20221118-13:24:33 ERROR>> Traceback (most recent call last):
  File "D:\研二\MatrixRegress\MatrixRegress\evaluate.py", line 101, in <module>
    main(config_dict, args)
  File "D:\研二\MatrixRegress\MatrixRegress\evaluate.py", line 17, in main
    trainner, criterion = load_model(config_dict, args, mode='test')
  File "D:\研二\MatrixRegress\MatrixRegress\utils\util.py", line 39, in load_model
    model = nn.DataParallel(model.cuda(), device_ids)
  File "D:\python\lib\site-packages\torch\nn\parallel\data_parallel.py", line 136, in __init__
    _check_balance(self.device_ids)
  File "D:\python\lib\site-packages\torch\nn\parallel\data_parallel.py", line 19, in _check_balance
    dev_props = [torch.cuda.get_device_properties(i) for i in device_ids]
  File "D:\python\lib\site-packages\torch\nn\parallel\data_parallel.py", line 19, in <listcomp>
    dev_props = [torch.cuda.get_device_properties(i) for i in device_ids]
  File "D:\python\lib\site-packages\torch\cuda\__init__.py", line 281, in get_device_properties
    raise AssertionError("Invalid device id")
AssertionError: Invalid device id

20221119-09:44:28 INFO>> 命令行参数: Namespace(device='0', mode='pred', nntype='AED')
20221119-09:44:30 INFO>> load model over!
20221119-09:44:30 ERROR>> 主程序报错
[WinError 3] 系统找不到指定的路径。: './data/000_split/pred'

20221119-09:44:30 ERROR>> Traceback (most recent call last):
  File "D:\研二\MatrixRegress\MatrixRegress\evaluate.py", line 101, in <module>
    main(config_dict, args)
  File "D:\研二\MatrixRegress\MatrixRegress\evaluate.py", line 57, in main
    x_list = os.listdir(config_dict['pred_path'])
FileNotFoundError: [WinError 3] 系统找不到指定的路径。: './data/000_split/pred'

20221119-09:52:42 INFO>> 命令行参数: Namespace(device='0', mode='pred', nntype='AED')
20221119-09:52:43 INFO>> load model over!
20221119-09:52:43 INFO>> test over...
20221119-09:52:43 INFO>> 本次训练时间: 0:00:00.945370
20221119-09:58:17 INFO>> 命令行参数: Namespace(device='0', mode='pred', nntype='AED')
20221119-09:58:18 INFO>> load model over!
20221119-09:58:20 ERROR>> 主程序报错
Can't call numpy() on Variable that requires grad. Use var.detach().numpy() instead.

20221119-09:58:20 ERROR>> Traceback (most recent call last):
  File "D:\研二\MatrixRegress\MatrixRegress\evaluate.py", line 101, in <module>
    main(config_dict, args)
  File "D:\研二\MatrixRegress\MatrixRegress\evaluate.py", line 63, in main
    y_pred = y_pred.squeeze_(0).cpu().numpy() # [3, 1000, 1000]
RuntimeError: Can't call numpy() on Variable that requires grad. Use var.detach().numpy() instead.

20221119-10:02:05 INFO>> 命令行参数: Namespace(device='0', mode='pred', nntype='AED')
20221119-10:02:06 INFO>> load model over!
20221119-10:02:17 INFO>> test over...
20221119-10:02:17 INFO>> 本次训练时间: 0:00:11.398648
20221123-09:50:12 INFO>> 命令行参数: Namespace(device='0', mode='pred', nntype='AED')
20221123-09:50:14 INFO>> load model over!
20221123-09:50:14 ERROR>> 主程序报错
Given transposed=1, weight of size [7, 6, 3, 3], expected input[1, 3, 1000, 1000] to have 7 channels, but got 3 channels instead

20221123-09:50:14 ERROR>> Traceback (most recent call last):
  File "D:\研二\MatrixRegress\MatrixRegress\evaluate.py", line 101, in <module>
    main(config_dict, args)
  File "D:\研二\MatrixRegress\MatrixRegress\evaluate.py", line 61, in main
    y_pred = model(batch_x)    # [1, 3, 1000, 1000]
  File "D:\python\lib\site-packages\torch\nn\modules\module.py", line 550, in __call__
    result = self.forward(*input, **kwargs)
  File "D:\python\lib\site-packages\torch\nn\parallel\data_parallel.py", line 153, in forward
    return self.module(*inputs[0], **kwargs[0])
  File "D:\python\lib\site-packages\torch\nn\modules\module.py", line 550, in __call__
    result = self.forward(*input, **kwargs)
  File "D:\研二\MatrixRegress\MatrixRegress\utils\NNs.py", line 24, in forward
    z = self.encoder(x)
  File "D:\python\lib\site-packages\torch\nn\modules\module.py", line 550, in __call__
    result = self.forward(*input, **kwargs)
  File "D:\研二\MatrixRegress\MatrixRegress\utils\NNs.py", line 37, in forward
    x1 = self.block1(x)
  File "D:\python\lib\site-packages\torch\nn\modules\module.py", line 550, in __call__
    result = self.forward(*input, **kwargs)
  File "D:\研二\MatrixRegress\MatrixRegress\utils\NNs.py", line 75, in forward
    z1 = self.bn(self.convTrans(x, output_size=bi_xshape))
  File "D:\python\lib\site-packages\torch\nn\modules\module.py", line 550, in __call__
    result = self.forward(*input, **kwargs)
  File "D:\python\lib\site-packages\torch\nn\modules\conv.py", line 792, in forward
    return F.conv_transpose2d(
RuntimeError: Given transposed=1, weight of size [7, 6, 3, 3], expected input[1, 3, 1000, 1000] to have 7 channels, but got 3 channels instead

20230619-17:20:41 INFO>> 命令行参数: Namespace(device='0', mode='pred', nntype='AED')
20230619-17:20:42 INFO>> load model over!
20230620-09:50:48 INFO>> 命令行参数: Namespace(device='0', mode='pred', nntype='AED')
20230620-09:50:49 INFO>> load model over!
20230620-09:50:49 ERROR>> 主程序报错
Given transposed=1, weight of size [7, 6, 3, 3], expected input[1, 3, 1000, 1000] to have 7 channels, but got 3 channels instead

20230620-09:50:49 ERROR>> Traceback (most recent call last):
  File "D:\研二\MatrixRegress1118\MatrixRegress\evaluate.py", line 101, in <module>
    main(config_dict, args)
  File "D:\研二\MatrixRegress1118\MatrixRegress\evaluate.py", line 61, in main
    y_pred = model(batch_x)    # [1, 3, 1000, 1000]
  File "D:\python\lib\site-packages\torch\nn\modules\module.py", line 550, in __call__
    result = self.forward(*input, **kwargs)
  File "D:\python\lib\site-packages\torch\nn\parallel\data_parallel.py", line 153, in forward
    return self.module(*inputs[0], **kwargs[0])
  File "D:\python\lib\site-packages\torch\nn\modules\module.py", line 550, in __call__
    result = self.forward(*input, **kwargs)
  File "D:\研二\MatrixRegress1118\MatrixRegress\utils\NNs.py", line 24, in forward
    z = self.encoder(x)
  File "D:\python\lib\site-packages\torch\nn\modules\module.py", line 550, in __call__
    result = self.forward(*input, **kwargs)
  File "D:\研二\MatrixRegress1118\MatrixRegress\utils\NNs.py", line 37, in forward
    x1 = self.block1(x)
  File "D:\python\lib\site-packages\torch\nn\modules\module.py", line 550, in __call__
    result = self.forward(*input, **kwargs)
  File "D:\研二\MatrixRegress1118\MatrixRegress\utils\NNs.py", line 75, in forward
    z1 = self.bn(self.convTrans(x, output_size=bi_xshape))
  File "D:\python\lib\site-packages\torch\nn\modules\module.py", line 550, in __call__
    result = self.forward(*input, **kwargs)
  File "D:\python\lib\site-packages\torch\nn\modules\conv.py", line 792, in forward
    return F.conv_transpose2d(
RuntimeError: Given transposed=1, weight of size [7, 6, 3, 3], expected input[1, 3, 1000, 1000] to have 7 channels, but got 3 channels instead

20230620-09:52:51 INFO>> 命令行参数: Namespace(device='0', mode='pred', nntype='AED')
20230620-09:52:52 INFO>> load model over!
20230620-09:52:52 ERROR>> 主程序报错
Given transposed=1, weight of size [7, 6, 3, 3], expected input[1, 3, 1000, 1000] to have 7 channels, but got 3 channels instead

20230620-09:52:52 ERROR>> Traceback (most recent call last):
  File "D:\研二\MatrixRegress1118\MatrixRegress\evaluate.py", line 101, in <module>
    main(config_dict, args)
  File "D:\研二\MatrixRegress1118\MatrixRegress\evaluate.py", line 61, in main
    y_pred = model(batch_x)    # [1, 3, 1000, 1000]
  File "D:\python\lib\site-packages\torch\nn\modules\module.py", line 550, in __call__
    result = self.forward(*input, **kwargs)
  File "D:\python\lib\site-packages\torch\nn\parallel\data_parallel.py", line 153, in forward
    return self.module(*inputs[0], **kwargs[0])
  File "D:\python\lib\site-packages\torch\nn\modules\module.py", line 550, in __call__
    result = self.forward(*input, **kwargs)
  File "D:\研二\MatrixRegress1118\MatrixRegress\utils\NNs.py", line 24, in forward
    z = self.encoder(x)
  File "D:\python\lib\site-packages\torch\nn\modules\module.py", line 550, in __call__
    result = self.forward(*input, **kwargs)
  File "D:\研二\MatrixRegress1118\MatrixRegress\utils\NNs.py", line 37, in forward
    x1 = self.block1(x)
  File "D:\python\lib\site-packages\torch\nn\modules\module.py", line 550, in __call__
    result = self.forward(*input, **kwargs)
  File "D:\研二\MatrixRegress1118\MatrixRegress\utils\NNs.py", line 75, in forward
    z1 = self.bn(self.convTrans(x, output_size=bi_xshape))
  File "D:\python\lib\site-packages\torch\nn\modules\module.py", line 550, in __call__
    result = self.forward(*input, **kwargs)
  File "D:\python\lib\site-packages\torch\nn\modules\conv.py", line 792, in forward
    return F.conv_transpose2d(
RuntimeError: Given transposed=1, weight of size [7, 6, 3, 3], expected input[1, 3, 1000, 1000] to have 7 channels, but got 3 channels instead

20230620-09:53:39 INFO>> 命令行参数: Namespace(device='0', mode='pred', nntype='AED')
20230620-09:53:40 INFO>> load model over!
20230620-09:53:40 ERROR>> 主程序报错
Given transposed=1, weight of size [7, 6, 3, 3], expected input[1, 3, 1000, 1000] to have 7 channels, but got 3 channels instead

20230620-09:53:40 ERROR>> Traceback (most recent call last):
  File "D:\研二\MatrixRegress1118\MatrixRegress\evaluate.py", line 101, in <module>
    main(config_dict, args)
  File "D:\研二\MatrixRegress1118\MatrixRegress\evaluate.py", line 61, in main
    y_pred = model(batch_x)    # [1, 3, 1000, 1000]
  File "D:\python\lib\site-packages\torch\nn\modules\module.py", line 550, in __call__
    result = self.forward(*input, **kwargs)
  File "D:\python\lib\site-packages\torch\nn\parallel\data_parallel.py", line 153, in forward
    return self.module(*inputs[0], **kwargs[0])
  File "D:\python\lib\site-packages\torch\nn\modules\module.py", line 550, in __call__
    result = self.forward(*input, **kwargs)
  File "D:\研二\MatrixRegress1118\MatrixRegress\utils\NNs.py", line 24, in forward
    z = self.encoder(x)
  File "D:\python\lib\site-packages\torch\nn\modules\module.py", line 550, in __call__
    result = self.forward(*input, **kwargs)
  File "D:\研二\MatrixRegress1118\MatrixRegress\utils\NNs.py", line 37, in forward
    x1 = self.block1(x)
  File "D:\python\lib\site-packages\torch\nn\modules\module.py", line 550, in __call__
    result = self.forward(*input, **kwargs)
  File "D:\研二\MatrixRegress1118\MatrixRegress\utils\NNs.py", line 75, in forward
    z1 = self.bn(self.convTrans(x, output_size=bi_xshape))
  File "D:\python\lib\site-packages\torch\nn\modules\module.py", line 550, in __call__
    result = self.forward(*input, **kwargs)
  File "D:\python\lib\site-packages\torch\nn\modules\conv.py", line 792, in forward
    return F.conv_transpose2d(
RuntimeError: Given transposed=1, weight of size [7, 6, 3, 3], expected input[1, 3, 1000, 1000] to have 7 channels, but got 3 channels instead

20230620-09:57:33 INFO>> 命令行参数: Namespace(device='0', mode='pred', nntype='AED')
20230620-09:57:34 INFO>> load model over!
20230620-09:57:46 INFO>> test over...
20230620-09:57:46 INFO>> 本次训练时间: 0:00:12.730080
20230620-10:00:44 INFO>> 命令行参数: Namespace(device='0', mode='pred', nntype='AED')
20230620-10:00:45 INFO>> load model over!
20230620-11:17:35 INFO>> 命令行参数: Namespace(device='0', mode='pred', nntype='AED')
20230620-11:17:36 INFO>> load model over!
20230620-11:17:47 INFO>> test over...
20230620-11:17:47 INFO>> 本次训练时间: 0:00:11.475155
20230722-14:38:00 INFO>> 命令行参数: Namespace(device='0', mode='pred', nntype='AED')
20230722-14:38:01 INFO>> load model over!
20230722-14:38:04 INFO>> test over...
20230722-14:38:04 INFO>> 本次训练时间: 0:00:04.122152
20230722-14:47:11 INFO>> 命令行参数: Namespace(device='0', mode='pred', nntype='AED')
20230722-14:47:12 INFO>> load model over!
20230722-14:47:13 INFO>> test over...
20230722-14:47:13 INFO>> 本次训练时间: 0:00:02.283490
20230723-14:13:06 INFO>> 命令行参数: Namespace(device='0', mode='pred', nntype='AED')
20230723-14:13:07 INFO>> load model over!
20230723-14:13:10 INFO>> test over...
20230723-14:13:10 INFO>> 本次训练时间: 0:00:04.057119
20230723-15:04:47 INFO>> 命令行参数: Namespace(device='0', mode='pred', nntype='AED')
20230723-15:04:48 INFO>> load model over!
20230723-15:04:49 INFO>> test over...
20230723-15:04:49 INFO>> 本次训练时间: 0:00:02.132965
20230723-15:09:12 INFO>> 命令行参数: Namespace(device='0', mode='pred', nntype='AED')
20230723-15:09:13 INFO>> load model over!
20230723-15:09:15 INFO>> test over...
20230723-15:09:15 INFO>> 本次训练时间: 0:00:02.726281
20230723-15:11:36 INFO>> 命令行参数: Namespace(device='0', mode='pred', nntype='AED')
20230723-15:11:37 INFO>> load model over!
20230723-15:11:39 INFO>> test over...
20230723-15:11:39 INFO>> 本次训练时间: 0:00:02.589899
20230723-21:10:11 INFO>> 命令行参数: Namespace(device='0', mode='pred', nntype='AED')
20230723-21:10:12 INFO>> load model over!
20230723-21:10:15 INFO>> test over...
20230723-21:10:15 INFO>> 本次训练时间: 0:00:04.123608
20230723-21:47:20 INFO>> 命令行参数: Namespace(device='0', mode='pred', nntype='AED')
20230723-21:47:21 INFO>> load model over!
20230723-21:47:22 INFO>> test over...
20230723-21:47:22 INFO>> 本次训练时间: 0:00:02.306463
20230724-12:28:34 INFO>> 命令行参数: Namespace(device='0', mode='pred', nntype='AED')
20230724-12:28:36 INFO>> load model over!
20230724-12:28:38 INFO>> test over...
20230724-12:28:38 INFO>> 本次训练时间: 0:00:04.197133
